<?xml version="1.0" encoding="UTF-8"?>
<!-- Generated by org.testng.reporters.JUnitReportReporter -->
<testsuite hostname="DESKTOP-OEE7BVT" failures="0" tests="2" name="org.selenium.pom.tests.CheckoutTest" time="46.598" errors="0" timestamp="2024-01-06T18:30:54 IST" skipped="0">
  <testcase classname="org.selenium.pom.tests.CheckoutTest" name="GuestCheckoutUsingDirectBankTransfer" time="22.325"/>
  <system-out/>
  <testcase classname="org.selenium.pom.tests.CheckoutTest" name="LoginAndCheckoutUsingDirectBankTransfer" time="24.273"/>
  <system-out/>
</testsuite> <!-- org.selenium.pom.tests.CheckoutTest -->
