<?xml version="1.0" encoding="UTF-8"?>
<!-- Generated by org.testng.reporters.JUnitReportReporter -->
<testsuite hostname="DESKTOP-OEE7BVT" failures="0" tests="1" name="org.selenium.pom.tests.AddToCartTest" time="19.430" errors="0" timestamp="2024-01-06T18:30:54 IST" skipped="0">
  <testcase classname="org.selenium.pom.tests.AddToCartTest" name="addToCartFromStorePage" time="19.430"/>
  <system-out/>
</testsuite> <!-- org.selenium.pom.tests.AddToCartTest -->
